IP: 127.0.0.1:8001
Listening fd: 3
Listening...
Client closed the connection.
Listening...
Client closed the connection.
Listening...
Client closed the connection.
Listening...
Client closed the connection.
Listening...
Client closed the connection.
Listening...
Client closed the connection.
Listening...
Client closed the connection.
Listening...
Client closed the connection.
Listening...
Client closed the connection.
Listening...
Client closed the connection.
<<<<<<< HEAD
SIGINT received, shutting down.
=======
Listening...
Client closed the connection.
Listening...
Client closed the connection.
Listening...
Client closed the connection.
Listening...
Client closed the connection.
Listening...
Client closed the connection.
Listening...
Client closed the connection.
Listening...
Client closed the connection.
Listening...
Client closed the connection.
Listening...
Client closed the connection.
Listening...
Client closed the connection.
Listening...
Client closed the connection.
Listening...
Client closed the connection.
Listening...
Client closed the connection.
Listening...
Client closed the connection.
Listening...
Client closed the connection.
Listening...
Client closed the connection.
Listening...
Client closed the connection.
Listening...
Client closed the connection.
Listening...
Client closed the connection.
Listening...
Client closed the connection.
Listening...
Client closed the connection.
Listening...
Client closed the connection.
Listening...
Client closed the connection.
Listening...
Client closed the connection.
Listening...
Client closed the connection.
Listening...
Client closed the connection.
Listening...
Client closed the connection.
Listening...
Client closed the connection.
Listening...
Client closed the connection.
Listening...
Client closed the connection.
Listening...
Client closed the connection.
Listening...
Client closed the connection.
Listening...
Client closed the connection.
Listening...
Client closed the connection.
Listening...
Client closed the connection.
Listening...
Client closed the connection.
Listening...
Client closed the connection.
Listening...
Client closed the connection.
Listening...
Client closed the connection.
Listening...
Client closed the connection.
Listening...
Client closed the connection.
Listening...
Client closed the connection.
Listening...
Client closed the connection.
Listening...
Client closed the connection.
Listening...
Client closed the connection.
Listening...
Client closed the connection.
Listening...
Client closed the connection.
Listening...
Client closed the connection.
Listening...
Client closed the connection.
Listening...
Client closed the connection.
Listening...
Client closed the connection.
Listening...
Client closed the connection.
Listening...
Client closed the connection.
Listening...
Client closed the connection.
Listening...
Client closed the connection.
Listening...
Client closed the connection.
Listening...
Client closed the connection.
Listening...
Client closed the connection.
Listening...
Client closed the connection.
Listening...
Client closed the connection.
Listening...
Client closed the connection.
Listening...
Client closed the connection.
Listening...
Client closed the connection.
>>>>>>> 70764f5b9c136cbb15ceb1e44fe88c4459f28fb9
