Server IP: 127.0.0.1:7070
Server Port: 7070
Config Location: ../backend_servers/server_config.txt
Listing all servers:
Server IP: 127.0.0.1, Port: 6000, Active: Yes
Server IP: 127.0.0.1, Port: 6001, Active: Yes
Server IP: 127.0.0.1, Port: 6002, Active: Yes
Server IP: 127.0.0.1, Port: 6003, Active: Yes
Server IP: 127.0.0.1, Port: 6004, Active: Yes
Server IP: 127.0.0.1, Port: 6005, Active: Yes
Server IP: 127.0.0.1, Port: 6006, Active: Yes
Server IP: 127.0.0.1, Port: 6007, Active: Yes
Server IP: 127.0.0.1, Port: 6008, Active: Yes

Listing range to server mapping:
Range: w_z is handled by the following servers:
  - IP: 127.0.0.1, Port: 6006, Active: Yes
  - IP: 127.0.0.1, Port: 6007, Active: Yes
  - IP: 127.0.0.1, Port: 6008, Active: Yes
Range: t_v is handled by the following servers:
  - IP: 127.0.0.1, Port: 6006, Active: Yes
  - IP: 127.0.0.1, Port: 6007, Active: Yes
  - IP: 127.0.0.1, Port: 6008, Active: Yes
Range: q_s is handled by the following servers:
  - IP: 127.0.0.1, Port: 6006, Active: Yes
  - IP: 127.0.0.1, Port: 6007, Active: Yes
  - IP: 127.0.0.1, Port: 6008, Active: Yes
Range: n_p is handled by the following servers:
  - IP: 127.0.0.1, Port: 6003, Active: Yes
  - IP: 127.0.0.1, Port: 6004, Active: Yes
  - IP: 127.0.0.1, Port: 6005, Active: Yes
Range: k_m is handled by the following servers:
  - IP: 127.0.0.1, Port: 6003, Active: Yes
  - IP: 127.0.0.1, Port: 6004, Active: Yes
  - IP: 127.0.0.1, Port: 6005, Active: Yes
Range: f_j is handled by the following servers:
  - IP: 127.0.0.1, Port: 6000, Active: Yes
  - IP: 127.0.0.1, Port: 6001, Active: Yes
  - IP: 127.0.0.1, Port: 6002, Active: Yes
Range: c_e is handled by the following servers:
  - IP: 127.0.0.1, Port: 6000, Active: Yes
  - IP: 127.0.0.1, Port: 6001, Active: Yes
  - IP: 127.0.0.1, Port: 6002, Active: Yes
Range: a_b is handled by the following servers:
  - IP: 127.0.0.1, Port: 6000, Active: Yes
  - IP: 127.0.0.1, Port: 6001, Active: Yes
  - IP: 127.0.0.1, Port: 6002, Active: Yes
Server 127.0.0.1:6000 is down.
Server 127.0.0.1:6001 is down.
Server 127.0.0.1:6002 is down.
[4] New connection
[4] New connection
[4] New connection
[4] New connection
[4] New connection
[4] New connection
[4] New connection
[4] New connection
[4] New connection
[4] New connection
[4] New connection
[4] New connection
[4] New connection
[4] New connection
[4] New connection
[4] New connection
[4] New connection
[4] New connection
[4] New connection
[4] New connection
[4] New connection
[4] New connection
[4] New connection
[4] New connection
[4] New connection
[4] New connection
[4] New connection
[4] New connection
[4] New connection
[4] New connection
[4] New connection
[4] New connection
[4] New connection
[4] New connection
[4] New connection
[4] New connection
[4] New connection
[4] New connection
[4] New connection
[4] New connection
[4] New connection
[4] New connection
[4] New connection
[4] New connection
[4] New connection
[4] New connection
[4] New connection
[4] New connection
[4] New connection
[4] New connection
[4] New connection
[4] New connection
[4] New connection
[4] New connection
[4] New connection
[4] New connection
[4] New connection
[4] New connection
[4] New connection
[4] New connection
[4] New connection
[4] New connection
[4] New connection
[4] New connection
[4] New connection
[4] New connection
[4] New connection
[4] New connection
[4] New connection
[4] New connection
[4] New connection
[4] New connection
[4] New connection
[4] New connection
[4] New connection
[4] New connection
[4] New connection
[4] New connection
[4] New connection
[4] New connection
[4] New connection
[4] New connection
[4] New connection
[4] New connection
[4] New connection
[4] New connection
[4] New connection
[4] New connection
[4] New connection
[4] New connection
[4] New connection
[4] New connection
[4] New connection
[4] New connection
[4] New connection
[4] New connection
[4] New connection
[4] New connection
[4] New connection
[4] New connection
[4] New connection
[4] New connection
[4] New connection
[4] New connection
[4] New connection
[4] New connection
[4] New connection
[4] New connection
[4] New connection
[4] New connection
[4] New connection
[4] New connection
[4] New connection
[4] New connection
[4] New connection
[4] New connection
[4] New connection
[4] New connection
[4] New connection
[4] New connection
[4] New connection
[4] New connection
[4] New connection
[4] New connection
[4] New connection
[4] New connection
[4] New connection
[4] New connection
[4] New connection
[4] New connection
[4] New connection
[4] New connection
[4] New connection
[4] New connection
[4] New connection
[4] New connection
[4] New connection
[4] New connection
[4] New connection
[4] New connection
[4] New connection
[4] New connection
[4] New connection
[4] New connection
[4] New connection
[4] New connection
[4] New connection
[4] New connection
[4] New connection
[4] New connection
[4] New connection
[4] New connection
[4] New connection
[4] New connection
[4] New connection
[4] New connection
[4] New connection
[4] New connection
[4] New connection
[4] New connection
[4] New connection
[4] New connection
[4] New connection
[4] New connection
[4] New connection
[4] New connection
[4] New connection
[4] New connection
[4] New connection
[4] New connection
[4] New connection
[4] New connection
[4] New connection
[4] New connection
[4] New connection
[4] New connection
[4] New connection
[4] New connection
[4] New connection
[4] New connection
[4] New connection
[4] New connection
[4] New connection
[4] New connection
[4] New connection
[4] New connection
[4] New connection
[4] New connection
[4] New connection
[4] New connection
[4] New connection
[4] New connection
[4] New connection
[4] New connection
[4] New connection
[4] New connection
[4] New connection
[4] New connection
[4] New connection
[4] New connection
[4] New connection
[4] New connection
[4] New connection
[4] New connection
[4] New connection
[4] New connection
[4] New connection
[4] New connection
[4] New connection
[4] New connection
[4] New connection
[4] New connection
[4] New connection
[4] New connection
[4] New connection
[4] New connection
[4] New connection
[4] New connection
[4] New connection
[4] New connection
[4] New connection
[4] New connection
[4] New connection
[4] New connection
[4] New connection
[4] New connection
[4] New connection
[4] New connection
[4] New connection
[4] New connection
[4] New connection
[4] New connection
[4] New connection
[4] New connection
[4] New connection
[4] New connection
[4] New connection
[4] New connection
[4] New connection
[4] New connection
[4] New connection
[4] New connection
[4] New connection
[4] New connection
[4] New connection
[4] New connection
[4] New connection
[4] New connection
[4] New connection
[4] New connection
[4] New connection
[4] New connection
[4] New connection
[4] New connection
[4] New connection
[4] New connection
[4] New connection
[4] New connection
[4] New connection
[4] New connection
[4] New connection
[4] New connection
[4] New connection
[4] New connection
[4] New connection
[4] New connection
[4] New connection
[4] New connection
[4] New connection
[4] New connection
[4] New connection
[4] New connection
[4] New connection
[4] New connection
[4] New connection
[4] New connection
[4] New connection
[4] New connection
[4] New connection
[4] New connection
[4] New connection
[4] New connection
[4] New connection
[4] New connection
[4] New connection
[4] New connection
[4] New connection
[4] New connection
[4] New connection
[4] New connection
[4] New connection
[4] New connection
[4] New connection
k_m
Got request: muskaan_info Gave Response: +OK RESP 127.0.0.1:6003

