Server IP: 127.0.0.1:6002
Server Port: 6002
Data Loc:./data/server2
Server Index: 2
All Unique Ranges:
a_b
c_e
f_j
k_m
n_p
q_s
t_v
w_z
Server Tablet Ranges:
aa_am
an_az
ba_bm
bn_bz
ca_cm
cn_cz
da_dm
dn_dz
ea_em
en_ez
fa_fm
fn_fz
ga_gm
gn_gz
ha_hm
hn_hz
ia_im
in_iz
ja_jm
jn_jz
Failed to open log file: ./data/server2/logs/in_iz_logs.txt
Failed to open log file: ./data/server2/logs/hn_hz_logs.txt
Failed to open log file: ./data/server2/logs/ha_hm_logs.txt
Failed to open log file: ./data/server2/logs/ia_im_logs.txt
Failed to open log file: ./data/server2/logs/gn_gz_logs.txt
Failed to open log file: ./data/server2/logs/fa_fm_logs.txt
Failed to open log file: ./data/server2/logs/ba_bm_logs.txt
Failed to open log file: ./data/server2/logs/bn_bz_logs.txt
Failed to open log file: ./data/server2/logs/ca_cm_logs.txt
Failed to open log file: ./data/server2/logs/cn_cz_logs.txt
Failed to open log file: ./data/server2/logs/da_dm_logs.txt
Failed to open log file: ./data/server2/logs/ga_gm_logs.txt
Failed to open log file: ./data/server2/logs/dn_dz_logs.txt
Failed to open log file: ./data/server2/logs/ea_em_logs.txt
Failed to open log file: ./data/server2/logs/jn_jz_logs.txt
Failed to open log file: ./data/server2/logs/en_ez_logs.txt
Failed to open log file: ./data/server2/logs/ja_jm_logs.txt
This row is in file: an_az
Failed to open log file: ./data/server2/logs/fn_fz_logs.txt
PRINTING: 0
PRINTING: 193
Connection Failed
Connection Failed
Connection Failed
Connection Failed
Connection Failed
Connection Failed
Connection Failed
Connection Failed
Connection Failed
Connection Failed
Connection Failed
Connection Failed
Connection Failed
Connection Failed
Connection Failed
Connection Failed
Connection Failed
Connection Failed
Connection Failed
Connection Failed
Connection Failed
Connection Failed
Connection Failed
Connection Failed
Connection Failed
Connection Failed
Connection Failed
Connection Failed
Connection Failed
Connection Failed
Connection Failed
Connection Failed
Connection Failed
Connection Failed
Connection Failed
Connection Failed
Connection Failed
Connection Failed
Connection Failed
Connection Failed
Failed to open log file: ./data/server2/logs/in_iz_logs.txt
Failed to open log file: ./data/server2/logs/hn_hz_logs.txt
Failed to open log file: ./data/server2/logs/ha_hm_logs.txt
Failed to open log file: ./data/server2/logs/ia_im_logs.txt
Failed to open log file: ./data/server2/logs/gn_gz_logs.txt
Failed to open log file: ./data/server2/logs/fa_fm_logs.txt
Failed to open log file: ./data/server2/logs/ba_bm_logs.txt
Failed to open log file: ./data/server2/logs/bn_bz_logs.txt
Failed to open log file: ./data/server2/logs/ca_cm_logs.txt
Failed to open log file: ./data/server2/logs/cn_cz_logs.txt
Failed to open log file: ./data/server2/logs/da_dm_logs.txt
Failed to open log file: ./data/server2/logs/ga_gm_logs.txt
Failed to open log file: ./data/server2/logs/dn_dz_logs.txt
Failed to open log file: ./data/server2/logs/ea_em_logs.txt
Failed to open log file: ./data/server2/logs/jn_jz_logs.txt
Failed to open log file: ./data/server2/logs/en_ez_logs.txt
Failed to open log file: ./data/server2/logs/ja_jm_logs.txt
This row is in file: an_az
Failed to open log file: ./data/server2/logs/fn_fz_logs.txt
PRINTING: 0
PRINTING: 193
